<?xml version="1.0"?>
<testsuites><testsuite tests="30" errors="0" failures="24" time="0.1240291595459"><testsuite name="PHP Check Doctrine annotations : ../tests/\badbom.php" file="../tests/\badbom.php" tests="6" errors="0" failures="5" time="0.031014919281006"><testcase name="Check file line delimiter (CRLF)" file="../tests/\badbom.php" assertions="1" time="0.00030016899108887"><failure type="CRLF">The file "../tests/\badbom.php" has a Windows line delimiter (CRLF). Use Unix line delimiter (LF).</failure></testcase><testcase name="Check file encoding" file="../tests/\badbom.php" assertions="1" time="5.6028366088867E-5"/><testcase name="Check file BOM" file="../tests/\badbom.php" assertions="1" time="0.00011610984802246"><failure type="BOM">The file "../tests/\badbom.php" has a BOM.</failure></testcase><testcase name="Check line after the final ?&gt; tag" file="../tests/\badbom.php" assertions="1" time="3.6954879760742E-5"/><testcase name="Check inclusion" file="../tests/\badbom.php" assertions="1" time="0.00050687789916992"><failure type="Doctrine annotations  : PHP">The file "../tests/\badbom.php" need to include "use Doctrine\ORM\Mapping as ORM;".</failure><failure type="Doctrine annotations  : PHP">Notice : Maybe the file "../tests/\badbom.php"isn't in good repository ".</failure></testcase><testcase name="Check annotation" file="../tests/\badbom.php" assertions="1" time="0.027544975280762"><failure type="Doctrine annotations  : PHP"></failure></testcase></testsuite><testsuite name="PHP Check Doctrine annotations : ../tests/\badcrlf.php" file="../tests/\badcrlf.php" tests="6" errors="0" failures="4" time="0.024366140365601"><testcase name="Check file line delimiter (CRLF)" file="../tests/\badcrlf.php" assertions="1" time="0.00013494491577148"><failure type="CRLF">The file "../tests/\badcrlf.php" has a Windows line delimiter (CRLF). Use Unix line delimiter (LF).</failure></testcase><testcase name="Check file encoding" file="../tests/\badcrlf.php" assertions="1" time="5.1975250244141E-5"/><testcase name="Check file BOM" file="../tests/\badcrlf.php" assertions="1" time="4.1007995605469E-5"/><testcase name="Check line after the final ?&gt; tag" file="../tests/\badcrlf.php" assertions="1" time="3.6954879760742E-5"/><testcase name="Check inclusion" file="../tests/\badcrlf.php" assertions="1" time="0.00019001960754395"><failure type="Doctrine annotations  : PHP">The file "../tests/\badcrlf.php" need to include "use Doctrine\ORM\Mapping as ORM;".</failure><failure type="Doctrine annotations  : PHP">Notice : Maybe the file "../tests/\badcrlf.php"isn't in good repository ".</failure></testcase><testcase name="Check annotation" file="../tests/\badcrlf.php" assertions="1" time="0.023523092269897"><failure type="Doctrine annotations  : PHP"></failure></testcase></testsuite><testsuite name="PHP Check Doctrine annotations : ../tests/\badencoding.php" file="../tests/\badencoding.php" tests="6" errors="0" failures="5" time="0.021721839904785"><testcase name="Check file line delimiter (CRLF)" file="../tests/\badencoding.php" assertions="1" time="0.00011491775512695"><failure type="CRLF">The file "../tests/\badencoding.php" has a Windows line delimiter (CRLF). Use Unix line delimiter (LF).</failure></testcase><testcase name="Check file encoding" file="../tests/\badencoding.php" assertions="1" time="0.00010204315185547"><failure type="Charset">The file "../tests/\badencoding.php" has a non UTF-8 encoding (ISO-8859-1).</failure></testcase><testcase name="Check file BOM" file="../tests/\badencoding.php" assertions="1" time="3.3855438232422E-5"/><testcase name="Check line after the final ?&gt; tag" file="../tests/\badencoding.php" assertions="1" time="2.8848648071289E-5"/><testcase name="Check inclusion" file="../tests/\badencoding.php" assertions="1" time="0.00014901161193848"><failure type="Doctrine annotations  : PHP">The file "../tests/\badencoding.php" need to include "use Doctrine\ORM\Mapping as ORM;".</failure><failure type="Doctrine annotations  : PHP">Notice : Maybe the file "../tests/\badencoding.php"isn't in good repository ".</failure></testcase><testcase name="Check annotation" file="../tests/\badencoding.php" assertions="1" time="0.020954132080078"><failure type="Doctrine annotations  : PHP"></failure></testcase></testsuite><testsuite name="PHP Check Doctrine annotations : ../tests/\badlineafter.php" file="../tests/\badlineafter.php" tests="6" errors="0" failures="5" time="0.021249055862427"><testcase name="Check file line delimiter (CRLF)" file="../tests/\badlineafter.php" assertions="1" time="0.00010800361633301"><failure type="CRLF">The file "../tests/\badlineafter.php" has a Windows line delimiter (CRLF). Use Unix line delimiter (LF).</failure></testcase><testcase name="Check file encoding" file="../tests/\badlineafter.php" assertions="1" time="4.2915344238281E-5"/><testcase name="Check file BOM" file="../tests/\badlineafter.php" assertions="1" time="4.6968460083008E-5"/><testcase name="Check line after the final ?&gt; tag" file="../tests/\badlineafter.php" assertions="1" time="8.7976455688477E-5"><failure type="Doctrine annotations  : PHP">The file "../tests/\badlineafter.php" has a line after php close tag "?&gt;".</failure></testcase><testcase name="Check inclusion" file="../tests/\badlineafter.php" assertions="1" time="0.00015091896057129"><failure type="Doctrine annotations  : PHP">The file "../tests/\badlineafter.php" need to include "use Doctrine\ORM\Mapping as ORM;".</failure><failure type="Doctrine annotations  : PHP">Notice : Maybe the file "../tests/\badlineafter.php"isn't in good repository ".</failure></testcase><testcase name="Check annotation" file="../tests/\badlineafter.php" assertions="1" time="0.020463943481445"><failure type="Doctrine annotations  : PHP"></failure></testcase></testsuite><testsuite name="PHP Check Doctrine annotations : ../tests/\test_Doctrine_annotations.php" file="../tests/\test_Doctrine_annotations.php" tests="6" errors="0" failures="5" time="0.020879030227661"><testcase name="Check file line delimiter (CRLF)" file="../tests/\test_Doctrine_annotations.php" assertions="1" time="0.00010800361633301"><failure type="CRLF">The file "../tests/\test_Doctrine_annotations.php" has a Windows line delimiter (CRLF). Use Unix line delimiter (LF).</failure></testcase><testcase name="Check file encoding" file="../tests/\test_Doctrine_annotations.php" assertions="1" time="4.7922134399414E-5"/><testcase name="Check file BOM" file="../tests/\test_Doctrine_annotations.php" assertions="1" time="3.3855438232422E-5"/><testcase name="Check line after the final ?&gt; tag" file="../tests/\test_Doctrine_annotations.php" assertions="1" time="8.6784362792969E-5"><failure type="Doctrine annotations  : PHP">The file "../tests/\test_Doctrine_annotations.php" has a line after php close tag "?&gt;".</failure></testcase><testcase name="Check inclusion" file="../tests/\test_Doctrine_annotations.php" assertions="1" time="0.00017404556274414"><failure type="Doctrine annotations  : PHP">The file "../tests/\test_Doctrine_annotations.php" need to include "use Doctrine\ORM\Mapping as ORM;".</failure><failure type="Doctrine annotations  : PHP">Notice : Maybe the file "../tests/\test_Doctrine_annotations.php"isn't in good repository ".</failure></testcase><testcase name="Check annotation" file="../tests/\test_Doctrine_annotations.php" assertions="1" time="0.020098924636841"><failure type="Doctrine annotations  : PHP"></failure></testcase></testsuite></testsuite></testsuites>
